<?xml version="1.0" encoding="UTF-8"?>
<!-- Generated by org.testng.reporters.JUnitReportReporter -->
<testsuite skipped="0" hostname="DESKTOP-TKK5GPG" name="package1.Yahoo_test" tests="1" failures="0" timestamp="13 Nov 2016 18:41:45 GMT" time="0.003" errors="0">
  <testcase name="google_test" time="0.003" classname="package1.Yahoo_test"/>
</testsuite> <!-- package1.Yahoo_test -->
